<?xml version="1.0" encoding="UTF-8"?>
<!-- Generated by org.testng.reporters.JUnitReportReporter -->
<testsuite hostname="DESKTOP-D5OBL1K" failures="0" tests="1" name="tests.UserRegistrationTest" time="21.767" errors="0" timestamp="07 Aug 2022 12:07:48 GMT" skipped="0">
  <testcase classname="tests.UserRegistrationTest" name="UserRegistration" time="21.767"/>
</testsuite> <!-- tests.UserRegistrationTest -->
