<?xml version="1.0" encoding="UTF-8"?>
<!-- Generated by org.testng.reporters.JUnitReportReporter -->
<testsuite hostname="DESKTOP-D5OBL1K" failures="0" tests="3" name="tests.AlertWindowTest" time="34.355" errors="0" timestamp="03 Aug 2022 08:47:29 GMT" skipped="0">
  <testcase classname="tests.AlertWindowTest" name="alertWithOk" time="11.489"/>
  <testcase classname="tests.AlertWindowTest" name="alertWithOkNCancel" time="9.527"/>
  <testcase classname="tests.AlertWindowTest" name="alertWithTextBox" time="13.339"/>
</testsuite> <!-- tests.AlertWindowTest -->
