<?xml version="1.0" encoding="UTF-8"?>
<!-- Generated by org.testng.reporters.JUnitReportReporter -->
<testsuite hostname="DESKTOP-D5OBL1K" failures="0" tests="4" name="tests.WindowsSwitchTest" time="34.511" errors="0" timestamp="07 Aug 2022 12:07:48 GMT" skipped="0">
  <testcase classname="tests.WindowsSwitchTest" name="navigateTest" time="15.925"/>
  <testcase classname="tests.WindowsSwitchTest" name="tabbedWindowsTest" time="8.245"/>
  <testcase classname="tests.WindowsSwitchTest" name="seperateWindowsTest" time="5.220"/>
  <testcase classname="tests.WindowsSwitchTest" name="multipleWindowsTest" time="5.121"/>
</testsuite> <!-- tests.WindowsSwitchTest -->
