<?xml version="1.0" encoding="UTF-8"?>
<!-- Generated by org.testng.reporters.JUnitReportReporter -->
<testsuite hostname="DESKTOP-D5OBL1K" failures="0" tests="1" name="sdet.training.Register" time="8.990" errors="0" timestamp="2022-07-22T07:26:04 IST" skipped="0">
  <testcase classname="sdet.training.Register" name="ResisterTest1" time="8.990"/>
  <system-out/>
</testsuite> <!-- sdet.training.Register -->
