<?xml version="1.0" encoding="UTF-8"?>
<!-- Generated by org.testng.reporters.JUnitReportReporter -->
<testsuite hostname="DESKTOP-D5OBL1K" failures="0" tests="1" name="tests.WindowsTest" time="20.869" errors="0" timestamp="05 Aug 2022 09:53:15 GMT" skipped="0">
  <testcase classname="tests.WindowsTest" name="WindowsTest1" time="20.869"/>
</testsuite> <!-- tests.WindowsTest -->
