<?xml version="1.0" encoding="UTF-8"?>
<!-- Generated by org.testng.reporters.JUnitReportReporter -->
<testsuite hostname="DESKTOP-D5OBL1K" failures="0" tests="1" name="tests.FrameTest" time="6.375" errors="0" timestamp="2022-08-01T16:17:14 IST" skipped="0">
  <testcase classname="tests.FrameTest" name="FrameTest1" time="6.375"/>
  <system-out/>
</testsuite> <!-- tests.FrameTest -->
