<?xml version="1.0" encoding="UTF-8"?>
<!-- Generated by org.testng.reporters.JUnitReportReporter -->
<testsuite hostname="DESKTOP-D5OBL1K" failures="0" tests="3" name="tests.AlertWindowTest" time="33.439" errors="0" timestamp="07 Aug 2022 12:07:48 GMT" skipped="0">
  <testcase classname="tests.AlertWindowTest" name="alertWithOk" time="8.214"/>
  <testcase classname="tests.AlertWindowTest" name="alertWithOkNCancel" time="10.600"/>
  <testcase classname="tests.AlertWindowTest" name="alertWithTextBox" time="14.625"/>
</testsuite> <!-- tests.AlertWindowTest -->
