<?xml version="1.0" encoding="UTF-8"?>
<!-- Generated by org.testng.reporters.JUnitReportReporter -->
<testsuite hostname="DESKTOP-D5OBL1K" failures="0" tests="1" name="sdet.training.UserRegistrationTest" time="9.484" errors="0" timestamp="2022-07-22T14:07:38 IST" skipped="0">
  <testcase classname="sdet.training.UserRegistrationTest" name="UserRegistration" time="9.484"/>
  <system-out/>
</testsuite> <!-- sdet.training.UserRegistrationTest -->
