<?xml version="1.0" encoding="UTF-8"?>
<!-- Generated by org.testng.reporters.JUnitReportReporter -->
<testsuite hostname="DESKTOP-D5OBL1K" failures="0" tests="1" name="tests.FrameWindowTest" time="6.214" errors="0" timestamp="05 Aug 2022 10:10:57 GMT" skipped="0">
  <testcase classname="tests.FrameWindowTest" name="frameTest" time="6.214"/>
</testsuite> <!-- tests.FrameWindowTest -->
