<?xml version="1.0" encoding="UTF-8"?>
<!-- Generated by org.testng.reporters.JUnitReportReporter -->
<testsuite hostname="DESKTOP-D5OBL1K" failures="0" tests="1" name="tests.UserRegistrationTest" time="17.460" errors="0" timestamp="03 Aug 2022 08:47:29 GMT" skipped="0">
  <testcase classname="tests.UserRegistrationTest" name="UserRegistration" time="17.460"/>
</testsuite> <!-- tests.UserRegistrationTest -->
