<?xml version="1.0" encoding="UTF-8"?>
<!-- Generated by org.testng.reporters.JUnitReportReporter -->
<testsuite hostname="DESKTOP-D5OBL1K" failures="0" tests="1" name="tests.FrameWindowTest" time="6.720" errors="0" timestamp="07 Aug 2022 12:07:48 GMT" skipped="0">
  <testcase classname="tests.FrameWindowTest" name="frameTest" time="6.720"/>
</testsuite> <!-- tests.FrameWindowTest -->
